{"level":"info","ts":"2021-02-20T11:15:19.217+0800","caller":"gin_basic/main.go:43","msg":"当前模式为dev"}
{"level":"info","ts":"2021-02-20T11:16:08.392+0800","caller":"gin_basic/main.go:43","msg":"当前模式为dev"}
{"level":"info","ts":"2021-02-20T11:16:25.564+0800","caller":"gin_basic/main.go:43","msg":"当前模式为dev"}
{"level":"info","ts":"2021-02-20T11:16:54.593+0800","caller":"gin_basic/main.go:43","msg":"当前模式为dev"}
{"level":"info","ts":"2021-02-20T11:17:36.569+0800","caller":"gin_basic/main.go:43","msg":"当前模式为dev"}
{"level":"info","ts":"2021-02-20T11:18:17.939+0800","caller":"gin_basic/main.go:43","msg":"当前模式为dev"}
{"level":"info","ts":"2021-02-20T11:18:17.940+0800","caller":"gin_basic/main.go:44","msg":"当前模式为dev"}
{"level":"info","ts":"2021-02-20T11:18:43.646+0800","caller":"gin_basic/main.go:43","msg":"当前模式为222"}
{"level":"info","ts":"2021-02-20T11:18:43.646+0800","caller":"gin_basic/main.go:44","msg":"当前模式为123"}
{"level":"info","ts":"2021-02-20T11:19:54.641+0800","caller":"gin_basic/main.go:43","msg":"当前模式为dev"}
{"level":"fatal","ts":"2021-02-20T11:19:54.641+0800","caller":"db/db.go:22","msg":"dial tcp :3306: connect: connection refused"}
{"level":"info","ts":"2021-02-20T11:20:03.380+0800","caller":"gin_basic/main.go:43","msg":"当前模式为dev"}
{"level":"fatal","ts":"2021-02-20T11:20:03.381+0800","caller":"db/db.go:22","msg":"dial tcp :3306: connect: connection refused"}
{"level":"info","ts":"2021-02-20T11:22:44.502+0800","caller":"gin_basic/main.go:45","msg":"当前模式为dev"}
{"level":"fatal","ts":"2021-02-20T11:22:44.502+0800","caller":"db/db.go:22","msg":"dial tcp :3306: connect: connection refused"}
{"level":"info","ts":"2021-02-20T11:22:50.392+0800","caller":"gin_basic/main.go:45","msg":"当前模式为test"}
{"level":"fatal","ts":"2021-02-20T11:22:50.392+0800","caller":"db/db.go:22","msg":"dial tcp :3306: connect: connection refused"}
{"level":"info","ts":"2021-02-20T11:23:06.604+0800","caller":"gin_basic/main.go:45","msg":"传递模式为test，加载测试环境配置"}
{"level":"fatal","ts":"2021-02-20T11:23:06.605+0800","caller":"db/db.go:22","msg":"dial tcp :3306: connect: connection refused"}
{"level":"info","ts":"2021-02-20T11:24:19.403+0800","caller":"gin_basic/main.go:45","msg":"传递模式为dev，加载开发模式配置"}
{"level":"fatal","ts":"2021-02-20T11:24:19.404+0800","caller":"db/db.go:22","msg":"dial tcp :3306: connect: connection refused"}
{"level":"info","ts":"2021-02-20T11:26:23.940+0800","caller":"gin_basic/main.go:45","msg":"传递模式为dev，加载开发模式配置"}
{"level":"fatal","ts":"2021-02-20T11:26:23.940+0800","caller":"db/db.go:22","msg":"dial tcp :3306: connect: connection refused"}
{"level":"info","ts":"2021-02-20T11:28:26.244+0800","caller":"gin_basic/main.go:45","msg":"传递模式为dev，加载开发模式配置"}
{"level":"info","ts":"2021-02-20T11:29:14.035+0800","caller":"gin_basic/main.go:45","msg":"传递模式为dev，加载开发模式配置"}
{"level":"info","ts":"2021-02-20T11:30:06.095+0800","caller":"gin_basic/main.go:45","msg":"传递模式为dev，加载开发模式配置"}
{"level":"fatal","ts":"2021-02-20T11:30:06.096+0800","caller":"db/db.go:25","msg":"dial tcp :3306: connect: connection refused"}
{"level":"info","ts":"2021-02-20T11:30:25.176+0800","caller":"gin_basic/main.go:45","msg":"传递模式为dev，加载开发模式配置"}
{"level":"fatal","ts":"2021-02-20T11:30:25.177+0800","caller":"db/db.go:23","msg":"dial tcp :3306: connect: connection refused"}
{"level":"info","ts":"2021-02-20T11:31:07.269+0800","caller":"gin_basic/main.go:45","msg":"传递模式为dev，加载开发模式配置"}
{"level":"fatal","ts":"2021-02-20T11:31:07.270+0800","caller":"db/db.go:23","msg":"dial tcp :3306: connect: connection refused"}
{"level":"info","ts":"2021-02-20T11:31:32.408+0800","caller":"gin_basic/main.go:45","msg":"传递模式为dev，加载开发模式配置"}
{"level":"fatal","ts":"2021-02-20T11:31:32.409+0800","caller":"db/db.go:23","msg":"dial tcp :3306: connect: connection refused"}
{"level":"info","ts":"2021-02-20T11:32:14.752+0800","caller":"gin_basic/main.go:45","msg":"传递模式为dev，加载开发模式配置"}
{"level":"fatal","ts":"2021-02-20T11:32:14.753+0800","caller":"db/db.go:23","msg":"dial tcp :3306: connect: connection refused"}
{"level":"info","ts":"2021-02-20T11:32:45.516+0800","caller":"gin_basic/main.go:44","msg":"传递模式为dev，加载开发模式配置"}
{"level":"info","ts":"2021-02-20T11:37:00.859+0800","caller":"gin_basic/main.go:43","msg":"传递模式为dev，加载开发模式配置"}
{"level":"info","ts":"2021-02-20T11:37:00.859+0800","caller":"server/server.go:29","msg":"HttpServerRun:debug"}
{"level":"info","ts":"2021-02-20T11:37:04.135+0800","caller":"gin_basic/main.go:60","msg":"Shutting down server..."}
{"level":"fatal","ts":"2021-02-20T11:37:04.135+0800","caller":"server/server.go:46","msg":"HttpServerStop stopped"}
{"level":"info","ts":"2021-02-20T11:40:06.380+0800","caller":"gin_basic/main.go:43","msg":"传递模式为dev，加载开发模式配置"}
{"level":"info","ts":"2021-02-20T11:40:06.381+0800","caller":"server/server.go:29","msg":"HttpServerRun:debug"}
{"level":"info","ts":"2021-02-20T11:40:08.938+0800","caller":"gin_basic/main.go:60","msg":"Shutting down server..."}
{"level":"info","ts":"2021-02-20T11:40:08.938+0800","caller":"server/server.go:46","msg":"HttpServerStop stopped"}
{"level":"info","ts":"2021-02-20T11:40:16.072+0800","caller":"gin_basic/main.go:43","msg":"传递模式为dev，加载开发模式配置"}
{"level":"info","ts":"2021-02-20T11:40:16.072+0800","caller":"server/server.go:29","msg":"HttpServerRun:debug"}
{"level":"info","ts":"2021-02-20T11:40:18.592+0800","caller":"gin_basic/main.go:60","msg":"Shutting down server..."}
{"level":"info","ts":"2021-02-20T11:40:18.592+0800","caller":"server/server.go:46","msg":"HttpServerStop stopped"}
{"level":"info","ts":"2021-02-20T11:40:23.544+0800","caller":"gin_basic/main.go:43","msg":"传递模式为dev，加载开发模式配置"}
{"level":"info","ts":"2021-02-20T11:40:23.544+0800","caller":"server/server.go:29","msg":"HttpServerRun:debug"}
{"level":"info","ts":"2021-02-20T11:40:29.543+0800","caller":"gin_basic/main.go:60","msg":"Shutting down server..."}
{"level":"info","ts":"2021-02-20T11:40:29.543+0800","caller":"server/server.go:46","msg":"HttpServerStop stopped"}
{"level":"info","ts":"2021-02-20T11:42:51.955+0800","caller":"gin_basic/main.go:43","msg":"传递模式为dev，加载开发模式配置"}
{"level":"error","ts":"2021-02-20T11:42:51.956+0800","caller":"server/server.go:29","msg":"HttpServerRun:debug"}
{"level":"error","ts":"2021-02-20T11:42:52.897+0800","caller":"gin_basic/main.go:60","msg":"Shutting down server..."}
{"level":"error","ts":"2021-02-20T11:42:52.897+0800","caller":"server/server.go:46","msg":"HttpServerStop stopped"}
